[21/11/2019 00:30:04] /s rebirth npc
[21/11/2019 00:30:08] /s rebirth priest
[21/11/2019 00:30:13] /n rebirth npc
[21/11/2019 00:30:16] /n rebirth priest
[21/11/2019 00:30:23] /n Rebirth Npc
[21/11/2019 00:30:26] /n Rebirth Priest
[21/11/2019 00:30:32] /n "Rebirth Priest"
[21/11/2019 00:30:34] /n "Rebirth Priest"
[21/11/2019 00:30:35] /n "Rebirth Priest"
[21/11/2019 00:30:37] /n "Rebirth Priest"
[21/11/2019 00:30:39] /n "Rebirth Priest"
[21/11/2019 00:31:08] /i donation armor
[21/11/2019 00:34:13] /n para reborn
[24/11/2019 21:39:35] /s exp bug
[24/11/2019 21:39:39] /s exp 
[24/11/2019 21:39:40] /s exp
[25/11/2019 15:19:27] /i exp scroll
[25/11/2019 15:19:29] /i exp scrolls
[25/11/2019 15:19:36] /i Exp Scroll
[25/11/2019 15:19:42] /i Donation scroll
[25/11/2019 15:23:48] /s Exodius
[25/11/2019 15:24:08] /c Ani Kan
[25/11/2019 15:24:57] /t
[25/11/2019 15:25:32] /i vip medal
[25/11/2019 15:25:58] /goto ani kan
[25/11/2019 15:25:59] /goto ani kan
[25/11/2019 15:26:01] /goto ani kan
[25/11/2019 15:26:01] /goto ani kan
[25/11/2019 15:26:01] /goto ani kan
[25/11/2019 15:26:02] /goto ani kan
[25/11/2019 15:26:46] /i Donation uh
[25/11/2019 15:26:50] /c ani kan
[25/11/2019 15:27:01] /i donation mana
[25/11/2019 15:27:04] /i donation manarune
[25/11/2019 15:27:06] /i donation mr
[25/11/2019 15:27:12] /i donation armor
[25/11/2019 15:27:16] /i donation legs
[25/11/2019 15:27:18] /i donation legs
[25/11/2019 15:27:25] /i donation shield
[25/11/2019 15:27:27] /i donation shield
[25/11/2019 15:27:35] /i donation sword
[25/11/2019 15:27:39] /i donation weapon
[25/11/2019 15:27:41] /i donation weapon
[25/11/2019 15:27:48] /i donation helmet
[25/11/2019 15:27:52] /i donation mask
[25/11/2019 15:27:54] /i donation mask
[25/11/2019 15:27:58] /c ani kan
[25/11/2019 15:28:19] /ghost
[25/11/2019 15:28:30] /a 100
[25/11/2019 15:28:32] /a 100
[25/11/2019 15:28:34] /a 100
[25/11/2019 15:29:29] /r
[25/11/2019 15:29:31] /r 2
[25/11/2019 15:29:33] /t
[25/11/2019 15:30:08] /a 2
[25/11/2019 15:30:22] /c ani kan
[25/11/2019 15:31:04] /a 2
[25/11/2019 15:31:18] /t
[25/11/2019 15:32:30] /i gold nugget
[25/11/2019 15:32:45] /c ani kan
[25/11/2019 15:32:49] /c ani kan
[25/11/2019 15:32:52] /i gold nugget
[25/11/2019 15:33:18] /c ani kan
[25/11/2019 15:33:46] /i 9020
[25/11/2019 15:34:23] /t
[25/11/2019 15:34:28] /a 2
[25/11/2019 15:34:29] /a 2
[25/11/2019 15:34:32] /a 1
[25/11/2019 15:34:34] /a 2
[25/11/2019 15:34:35] /a 2
[25/11/2019 15:34:36] /a 2
[25/11/2019 15:34:37] /a 2
[25/11/2019 15:35:47] /goto ani kan
[25/11/2019 15:35:59] /i addon doll
[25/11/2019 15:36:06] /i addon doll
[25/11/2019 15:36:10] /i addon doll
[25/11/2019 15:36:13] /i addon doll
[25/11/2019 15:36:16] /i addon doll
[25/11/2019 15:36:20] /i addon doll
[25/11/2019 15:36:23] /i addon doll
[25/11/2019 15:36:26] /i addon doll
[25/11/2019 15:36:30] /i addon doll
[25/11/2019 15:36:49] /i addon doll
[25/11/2019 15:36:53] /i addon doll
[25/11/2019 15:36:57] /i addon doll
[25/11/2019 15:37:02] /i addon doll
[25/11/2019 15:37:26] /i addon doll
[25/11/2019 15:37:33] /goto ani kan
[25/11/2019 15:37:39] /a 3
[25/11/2019 15:38:02] /i donation scroll
[25/11/2019 15:38:05] /i donation spell
[25/11/2019 15:38:11] /i donation spell
[25/11/2019 15:38:15] /i donation scroll
[25/11/2019 15:38:22] /i donation spells
[25/11/2019 15:38:27] /i Donation Spell
[25/11/2019 15:38:29] /i Donation Spell scroll
[25/11/2019 15:38:42] /i promotion scroll
[25/11/2019 15:39:31] /i donation spell!
[25/11/2019 15:40:04] /clean
[25/11/2019 15:41:09] /t ani kan
[25/11/2019 15:41:28] /c ani kan
[25/11/2019 15:44:48] /s Eryn
[25/11/2019 15:44:55] /n Eryn
[25/11/2019 15:44:57] /n Eryn\
[25/11/2019 15:44:58] /n Eryn\
[25/11/2019 15:45:00] /n Eryn
[25/11/2019 15:45:01] /n Eryn
[25/11/2019 15:45:02] /n Eryn
[25/11/2019 15:45:03] /n Eryn
[25/11/2019 15:45:03] /n Eryn
[25/11/2019 15:45:03] /n Eryn
[25/11/2019 15:45:04] /n Eryn
[25/11/2019 15:45:04] /n Eryn
[25/11/2019 15:45:05] /n Eryn
[25/11/2019 15:45:05] /n Eryn
[25/11/2019 15:45:05] /n Eryn
[25/11/2019 15:45:06] /n Eryn
[25/11/2019 15:45:06] /n Eryn
[25/11/2019 15:45:07] /n Eryn
[25/11/2019 15:45:07] /n Eryn
[25/11/2019 15:45:07] /n Eryn
[25/11/2019 15:45:08] /n Eryn
[25/11/2019 15:45:08] /n Eryn
[25/11/2019 15:45:09] /n Eryn
[25/11/2019 15:45:09] /n Eryn
[25/11/2019 15:45:10] /n Eryn
[25/11/2019 15:45:10] /n Eryn
[25/11/2019 15:45:10] /n Eryn
[25/11/2019 15:45:11] /n Eryn
[25/11/2019 15:45:11] /n Eryn
[25/11/2019 15:45:12] /n Eryn
[25/11/2019 15:45:12] /n Eryn
[25/11/2019 15:45:13] /n Eryn
[25/11/2019 15:45:13] /n Eryn
[25/11/2019 15:45:14] /n Eryn
[25/11/2019 15:45:14] /n Eryn
[25/11/2019 15:45:15] /n Eryn
[25/11/2019 15:45:15] /n Eryn
[25/11/2019 15:45:15] /n Eryn
[25/11/2019 15:45:16] /n Eryn
[25/11/2019 15:45:16] /n Eryn
[25/11/2019 15:45:17] /n Eryn
[25/11/2019 15:45:17] /n Eryn
[25/11/2019 15:45:18] /n Eryn
[25/11/2019 15:45:18] /n Eryn
[25/11/2019 15:45:19] /n Eryn
[25/11/2019 15:45:19] /n Eryn
[25/11/2019 15:45:19] /n Eryn
[25/11/2019 15:45:20] /n Eryn
[25/11/2019 15:45:20] /n Eryn
[25/11/2019 15:45:21] /n Eryn
[25/11/2019 15:45:29] /n Eryn
[25/11/2019 15:45:30] /n Eryn
[25/11/2019 15:45:35] /n Eryn
[25/11/2019 15:45:35] /n Eryn
[25/11/2019 15:45:36] /n Eryn
[25/11/2019 15:45:42] /t ani kan
[25/11/2019 15:45:57] /clean
[25/11/2019 15:46:15] /r
[25/11/2019 15:46:17] /r
[25/11/2019 15:46:19] /r
[25/11/2019 15:46:20] /r
[25/11/2019 15:46:21] /r
[25/11/2019 15:46:22] /r
[25/11/2019 15:46:23] /r
[25/11/2019 15:46:25] /r
[25/11/2019 15:46:26] /r
[25/11/2019 15:46:27] /r
[25/11/2019 15:46:29] /r
[25/11/2019 15:46:30] /r
[25/11/2019 15:46:32] /r
[25/11/2019 15:46:33] /r
[25/11/2019 15:46:34] /r
[25/11/2019 15:46:35] /r
[25/11/2019 15:46:39] /r
[25/11/2019 15:46:44] /r
[25/11/2019 15:46:46] /r
[25/11/2019 15:46:51] /r
[25/11/2019 15:46:52] /r
[25/11/2019 15:46:53] /r
[25/11/2019 15:46:54] /r
[25/11/2019 15:47:07] /c ani kan
[25/11/2019 15:47:08] /c ani kan
[25/11/2019 15:47:08] /c ani kan
[25/11/2019 15:47:08] /c ani kan
[25/11/2019 15:47:08] /c ani kan
[25/11/2019 15:47:08] /c ani kan
[25/11/2019 15:47:08] /c ani kan
[25/11/2019 15:47:08] /c ani kan
[25/11/2019 15:47:08] /c ani kan
[25/11/2019 15:47:08] /c ani kan
[25/11/2019 15:47:08] /c ani kan
[25/11/2019 15:47:08] /c ani kan
[25/11/2019 15:47:08] /c ani kan
[25/11/2019 15:47:08] /c ani kan
[25/11/2019 15:47:08] /c ani kan
[25/11/2019 15:47:08] /c ani kan
[25/11/2019 15:47:08] /c ani kan
[25/11/2019 15:47:08] /c ani kan
[25/11/2019 15:47:08] /c ani kan
[25/11/2019 15:47:08] /c ani kan
[25/11/2019 15:47:08] /c ani kan
[25/11/2019 15:47:08] /c ani kan
[25/11/2019 15:47:08] /c ani kan
[25/11/2019 15:47:08] /c ani kan
[25/11/2019 15:47:08] /c ani kan
[25/11/2019 15:47:09] /c ani kan
[25/11/2019 15:47:09] /c ani kan
[25/11/2019 15:47:09] /c ani kan
[25/11/2019 15:47:09] /c ani kan
[25/11/2019 15:47:09] /c ani kan
[25/11/2019 15:47:09] /c ani kan
[25/11/2019 15:47:09] /c ani kan
[25/11/2019 15:47:09] /c ani kan
[25/11/2019 15:47:09] /c ani kan
[25/11/2019 15:47:09] /c ani kan
[25/11/2019 15:47:09] /c ani kan
[25/11/2019 15:47:09] /c ani kan
[25/11/2019 15:47:09] /c ani kan
[25/11/2019 15:47:09] /c ani kan
[25/11/2019 15:47:09] /c ani kan
[25/11/2019 15:47:09] /c ani kan
[25/11/2019 15:47:09] /c ani kan
[25/11/2019 15:47:09] /c ani kan
[25/11/2019 15:47:09] /c ani kan
[25/11/2019 15:47:09] /c ani kan
[25/11/2019 15:47:09] /c ani kan
[25/11/2019 15:47:09] /c ani kan
[25/11/2019 15:47:09] /c ani kan
[25/11/2019 15:47:09] /c ani kan
[25/11/2019 15:47:09] /c ani kan
[25/11/2019 15:47:09] /c ani kan
[25/11/2019 15:47:09] /c ani kan
[25/11/2019 15:47:09] /c ani kan
[25/11/2019 15:47:09] /c ani kan
[25/11/2019 15:47:09] /c ani kan
[25/11/2019 15:47:10] /c ani kan
[25/11/2019 15:47:10] /c ani kan
[25/11/2019 15:47:10] /c ani kan
[25/11/2019 15:47:10] /c ani kan
[25/11/2019 15:47:10] /c ani kan
[25/11/2019 15:47:10] /c ani kan
[25/11/2019 15:47:10] /c ani kan
[25/11/2019 15:47:10] /c ani kan
[25/11/2019 15:47:10] /c ani kan
[25/11/2019 15:47:10] /c ani kan
[25/11/2019 15:47:10] /c ani kan
[25/11/2019 15:47:10] /c ani kan
[25/11/2019 15:47:10] /c ani kan
[25/11/2019 15:47:10] /c ani kan
[25/11/2019 15:47:10] /c ani kan
[25/11/2019 15:47:10] /c ani kan
[25/11/2019 15:47:10] /c ani kan
[25/11/2019 15:47:10] /c ani kan
[25/11/2019 15:47:10] /c ani kan
[25/11/2019 15:47:10] /c ani kan
[25/11/2019 15:47:10] /c ani kan
[25/11/2019 15:47:10] /c ani kan
[25/11/2019 15:47:10] /c ani kan
[25/11/2019 15:47:10] /c ani kan
[25/11/2019 15:47:10] /c ani kan
[25/11/2019 15:47:10] /c ani kan
[25/11/2019 15:47:10] /c ani kan
[25/11/2019 15:47:10] /c ani kan
[25/11/2019 15:47:10] /c ani kan
[25/11/2019 15:47:10] /c ani kan
[25/11/2019 15:47:10] /c ani kan
[25/11/2019 15:47:11] /c ani kan
[25/11/2019 15:47:11] /c ani kan
[25/11/2019 15:47:11] /c ani kan
[25/11/2019 15:47:11] /c ani kan
[25/11/2019 15:47:11] /c ani kan
[25/11/2019 15:47:11] /c ani kan
[25/11/2019 15:47:11] /c ani kan
[25/11/2019 15:47:11] /c ani kan
[25/11/2019 15:47:11] /c ani kan
[25/11/2019 15:47:11] /c ani kan
[25/11/2019 15:47:11] /c ani kan
[25/11/2019 15:47:11] /c ani kan
[25/11/2019 15:47:11] /c ani kan
[25/11/2019 15:47:11] /c ani kan
[25/11/2019 15:47:11] /c ani kan
[25/11/2019 15:47:11] /c ani kan
[25/11/2019 15:47:11] /c ani kan
[25/11/2019 15:47:11] /c ani kan
[25/11/2019 15:47:11] /c ani kan
[25/11/2019 15:47:11] /c ani kan
[25/11/2019 15:47:11] /c ani kan
[25/11/2019 15:47:11] /c ani kan
[25/11/2019 15:47:11] /c ani kan
[25/11/2019 15:47:11] /c ani kan
[25/11/2019 15:47:11] /c ani kan
[25/11/2019 15:47:11] /c ani kan
[25/11/2019 15:47:11] /c ani kan
[25/11/2019 15:47:11] /c ani kan
[25/11/2019 15:47:15] /c ani kan
[25/11/2019 15:47:15] /c ani kan
[25/11/2019 15:47:16] /c ani kan
[25/11/2019 15:47:16] /c ani kan
[25/11/2019 15:47:16] /c ani kan
[25/11/2019 15:47:16] /c ani kan
[25/11/2019 15:47:16] /c ani kan
[25/11/2019 15:47:16] /c ani kan
[25/11/2019 15:47:16] /c ani kan
[25/11/2019 15:47:16] /c ani kan
[25/11/2019 15:47:16] /c ani kan
[25/11/2019 15:47:16] /c ani kan
[25/11/2019 15:47:16] /c ani kan
[25/11/2019 15:47:16] /c ani kan
[25/11/2019 15:47:16] /c ani kan
[25/11/2019 15:47:16] /c ani kan
[25/11/2019 15:47:16] /c ani kan
[25/11/2019 15:47:16] /c ani kan
[25/11/2019 15:47:16] /c ani kan
[25/11/2019 15:47:16] /c ani kan
[25/11/2019 15:47:16] /c ani kan
[25/11/2019 15:47:16] /c ani kan
[25/11/2019 15:47:16] /c ani kan
[25/11/2019 15:47:16] /c ani kan
[25/11/2019 15:47:16] /c ani kan
[25/11/2019 15:47:16] /c ani kan
[25/11/2019 15:47:16] /c ani kan
[25/11/2019 15:47:16] /c ani kan
[25/11/2019 15:47:16] /c ani kan
[25/11/2019 15:47:16] /c ani kan
[25/11/2019 15:47:16] /c ani kan
[25/11/2019 15:47:16] /c ani kan
[25/11/2019 15:47:17] /c ani kan
[25/11/2019 15:47:17] /c ani kan
[25/11/2019 15:47:17] /c ani kan
[25/11/2019 15:47:17] /c ani kan
[25/11/2019 15:47:17] /c ani kan
[25/11/2019 15:47:17] /c ani kan
[25/11/2019 15:47:17] /c ani kan
[25/11/2019 15:47:17] /c ani kan
[25/11/2019 15:47:17] /c ani kan
[25/11/2019 15:47:17] /c ani kan
[25/11/2019 15:47:17] /c ani kan
[25/11/2019 15:47:17] /c ani kan
[25/11/2019 15:47:17] /c ani kan
[25/11/2019 15:47:17] /c ani kan
[25/11/2019 15:47:17] /c ani kan
[25/11/2019 15:47:17] /c ani kan
[25/11/2019 15:47:17] /c ani kan
[25/11/2019 15:47:17] /c ani kan
[25/11/2019 15:47:17] /c ani kan
[25/11/2019 15:47:17] /c ani kan
[25/11/2019 15:47:17] /c ani kan
[25/11/2019 15:47:17] /c ani kan
[25/11/2019 15:47:17] /c ani kan
[25/11/2019 15:47:17] /c ani kan
[25/11/2019 15:47:17] /c ani kan
[25/11/2019 15:47:17] /c ani kan
[25/11/2019 15:47:17] /c ani kan
[25/11/2019 15:47:17] /c ani kan
[25/11/2019 15:47:17] /c ani kan
[25/11/2019 15:47:17] /c ani kan
[25/11/2019 15:47:18] /c ani kan
[25/11/2019 15:47:18] /c ani kan
[25/11/2019 15:47:18] /c ani kan
[25/11/2019 15:47:18] /c ani kan
[25/11/2019 15:47:18] /c ani kan
[25/11/2019 15:47:18] /c ani kan
[25/11/2019 15:47:18] /c ani kan
[25/11/2019 15:47:18] /c ani kan
[25/11/2019 15:47:18] /c ani kan
[25/11/2019 15:47:18] /c ani kan
[25/11/2019 15:47:18] /c ani kan
[25/11/2019 15:47:18] /c ani kan
[25/11/2019 15:47:18] /c ani kan
[25/11/2019 15:47:18] /c ani kan
[25/11/2019 15:47:18] /c ani kan
[25/11/2019 15:47:18] /c ani kan
[25/11/2019 15:47:18] /c ani kan
[25/11/2019 15:47:18] /c ani kan
[25/11/2019 15:47:18] /c ani kan
[25/11/2019 15:47:18] /c ani kan
[25/11/2019 15:47:18] /c ani kan
[25/11/2019 15:47:18] /c ani kan
[25/11/2019 15:47:18] /c ani kan
[25/11/2019 15:47:18] /c ani kan
[25/11/2019 15:47:18] /c ani kan
[25/11/2019 15:47:18] /c ani kan
[25/11/2019 15:47:18] /c ani kan
[25/11/2019 15:47:18] /c ani kan
[25/11/2019 15:47:18] /c ani kan
[25/11/2019 15:47:18] /c ani kan
[25/11/2019 15:47:18] /c ani kan
[25/11/2019 15:47:19] /c ani kan
[25/11/2019 15:47:19] /c ani kan
[25/11/2019 15:47:19] /c ani kan
[25/11/2019 15:47:19] /c ani kan
[25/11/2019 15:47:19] /c ani kan
[25/11/2019 15:47:19] /c ani kan
[25/11/2019 15:47:19] /c ani kan
[25/11/2019 15:47:19] /c ani kan
[25/11/2019 15:47:19] /c ani kan
[25/11/2019 15:47:19] /c ani kan
[25/11/2019 15:47:19] /c ani kan
[25/11/2019 15:47:19] /c ani kan
[25/11/2019 15:47:19] /c ani kan
[25/11/2019 15:47:19] /c ani kan
[25/11/2019 15:47:19] /c ani kan
[25/11/2019 15:47:19] /c ani kan
[25/11/2019 15:47:19] /c ani kan
[25/11/2019 15:47:19] /c ani kan
[25/11/2019 15:47:19] /c ani kan
[25/11/2019 15:47:19] /c ani kan
[25/11/2019 15:47:19] /c ani kan
[25/11/2019 15:47:19] /c ani kan
[25/11/2019 15:47:19] /c ani kan
[25/11/2019 15:47:19] /c ani kan
[25/11/2019 15:47:19] /c ani kan
[25/11/2019 15:47:19] /c ani kan
[25/11/2019 15:47:19] /c ani kan
[25/11/2019 15:47:19] /c ani kan
[25/11/2019 15:47:19] /c ani kan
[25/11/2019 15:47:19] /c ani kan
[25/11/2019 15:47:20] /c ani kan
[25/11/2019 15:47:20] /c ani kan
[25/11/2019 15:47:20] /c ani kan
[25/11/2019 15:47:20] /c ani kan
[25/11/2019 15:47:20] /c ani kan
[25/11/2019 15:47:20] /c ani kan
[25/11/2019 15:47:20] /c ani kan
[25/11/2019 15:47:20] /c ani kan
[25/11/2019 15:47:20] /c ani kan
[25/11/2019 15:47:20] /c ani kan
[25/11/2019 15:47:20] /c ani kan
[25/11/2019 15:47:20] /c ani kan
[25/11/2019 15:47:20] /c ani kan
[25/11/2019 15:47:20] /c ani kan
[25/11/2019 15:47:20] /c ani kan
[25/11/2019 15:47:20] /c ani kan
[25/11/2019 15:47:20] /c ani kan
[25/11/2019 15:47:20] /c ani kan
[25/11/2019 15:47:20] /c ani kan
[25/11/2019 15:47:20] /c ani kan
[25/11/2019 15:47:20] /c ani kan
[25/11/2019 15:47:20] /c ani kan
[25/11/2019 15:47:20] /c ani kan
[25/11/2019 15:47:20] /c ani kan
[25/11/2019 15:47:20] /c ani kan
[25/11/2019 15:47:20] /c ani kan
[25/11/2019 15:47:20] /c ani kan
[25/11/2019 15:47:20] /c ani kan
[25/11/2019 15:47:20] /c ani kan
[25/11/2019 15:47:20] /c ani kan
[25/11/2019 15:47:21] /c ani kan
[25/11/2019 15:47:21] /c ani kan
[25/11/2019 15:47:21] /c ani kan
[25/11/2019 15:47:21] /c ani kan
[25/11/2019 15:47:21] /c ani kan
[25/11/2019 15:47:28] /c ani kan
[25/11/2019 15:47:29] /c ani kan
[25/11/2019 15:47:29] /c ani kan
[25/11/2019 15:47:29] /c ani kan
[25/11/2019 15:47:29] /c ani kan
[25/11/2019 15:47:29] /c ani kan
[25/11/2019 15:47:29] /c ani kan
[25/11/2019 15:47:29] /c ani kan
[25/11/2019 15:47:29] /c ani kan
[25/11/2019 15:47:29] /c ani kan
[25/11/2019 15:47:29] /c ani kan
[25/11/2019 15:47:29] /c ani kan
[25/11/2019 15:47:29] /c ani kan
[25/11/2019 15:47:29] /c ani kan
[25/11/2019 15:47:29] /c ani kan
[25/11/2019 15:47:29] /c ani kan
[25/11/2019 15:47:29] /c ani kan
[25/11/2019 15:47:29] /c ani kan
[25/11/2019 15:47:29] /c ani kan
[25/11/2019 15:47:29] /c ani kan
[25/11/2019 15:47:29] /c ani kan
[25/11/2019 15:47:29] /c ani kan
[25/11/2019 15:47:29] /c ani kan
[25/11/2019 15:47:29] /c ani kan
[25/11/2019 15:47:30] /c ani kan
[25/11/2019 15:47:30] /c ani kan
[25/11/2019 15:47:30] /c ani kan
[25/11/2019 15:47:30] /c ani kan
[25/11/2019 15:47:30] /c ani kan
[25/11/2019 15:47:30] /c ani kan
[25/11/2019 15:47:30] /c ani kan
[25/11/2019 15:47:30] /c ani kan
[25/11/2019 15:47:30] /c ani kan
[25/11/2019 15:47:30] /c ani kan
[25/11/2019 15:47:30] /c ani kan
[25/11/2019 15:47:30] /c ani kan
[25/11/2019 15:47:30] /c ani kan
[25/11/2019 15:47:30] /c ani kan
[25/11/2019 15:47:30] /c ani kan
[25/11/2019 15:49:09] /n High Priest
[25/11/2019 15:49:10] /n High Priest
[25/11/2019 15:49:17] /s High Priest
[25/11/2019 15:49:18] /s High Priest
[25/11/2019 15:49:23] /s a High Priest
[25/11/2019 15:49:30] /s High Priest 5reb
[25/11/2019 15:49:33] /n High Priest 5reb
[25/11/2019 15:50:36] /s Tibia bug
[25/11/2019 15:50:39] /s Tibia bug
[25/11/2019 15:50:46] /s Tibia bug
[25/11/2019 15:50:47] /s Tibia bug
[25/11/2019 15:50:47] /s Tibia bug
[25/11/2019 15:50:48] /s Tibia bug
[25/11/2019 15:50:48] /s Tibia bug
[25/11/2019 15:50:48] /s Tibia bug
[25/11/2019 15:51:50] /s Priestess
[25/11/2019 15:51:52] /s Priestess
[25/11/2019 15:51:53] /s Priestess
[25/11/2019 15:53:29] /i forever aOL
[25/11/2019 15:53:33] /i forever aol
[25/11/2019 15:53:37] /i forever amuklet
[25/11/2019 15:53:40] /i forever amulet
[25/11/2019 15:53:47] /i forever bless
[25/11/2019 17:15:21] /i tp scroll
[25/11/2019 17:15:55] /gethouse
[25/11/2019 17:15:58] /a 2
[25/11/2019 17:16:00] /gethouse
[25/11/2019 17:16:02] /gethouse Admin
[25/11/2019 17:16:08] /gethouse Admin
[25/11/2019 17:41:16] /i 7491
[25/11/2019 17:43:09] /i 13202
[25/11/2019 17:43:13] /i 1302
[25/11/2019 17:43:16] /i 1302
[25/11/2019 17:43:17] /i 1302
[25/11/2019 17:43:18] /i 1302
[25/11/2019 17:43:19] /i 1302
[25/11/2019 17:45:27] /i 7491
[25/11/2019 17:50:57] /i 4791
[25/11/2019 17:51:02] /i 7491
[25/11/2019 17:51:09] /i 7491
[25/11/2019 17:51:17] /i 7491
[25/11/2019 17:51:59] !reborn
[25/11/2019 17:56:49] /i 7491
[25/11/2019 17:56:52] /i 7491
[25/11/2019 17:56:54] /i 7491
[25/11/2019 17:56:55] /i 7491
[25/11/2019 17:56:57] /i 7491
[25/11/2019 17:56:58] /i 7491
[25/11/2019 17:57:00] /i 7491
[25/11/2019 17:57:02] /i 7491
[25/11/2019 17:57:03] /i 7491
[25/11/2019 17:57:07] /i 7491
[25/11/2019 17:57:08] /i 7491
[25/11/2019 17:57:10] /i 7491
[25/11/2019 17:57:15] /i 8043
[25/11/2019 17:57:22] /clean
[25/11/2019 17:58:03] /i 8047
[25/11/2019 17:58:04] /i 8047
[25/11/2019 17:58:05] /i 8047
[25/11/2019 17:58:06] /i 8047
[25/11/2019 17:58:07] /i 8047
[25/11/2019 17:58:07] /i 8047
[25/11/2019 17:58:08] /i 8047
[25/11/2019 17:58:12] /i 8047
[25/11/2019 17:58:13] /i 8047
[25/11/2019 17:58:14] /i 8047
[25/11/2019 17:58:15] /i 8047
[25/11/2019 17:58:15] /i 8047
[25/11/2019 17:58:17] /save
[25/11/2019 18:00:57] /save
[25/11/2019 18:02:39] /r
[25/11/2019 18:02:40] /r
[25/11/2019 18:02:42] /r
[25/11/2019 18:02:43] /r
[25/11/2019 18:02:44] /r
[25/11/2019 18:02:45] /r
[25/11/2019 18:02:47] /r
[25/11/2019 18:02:48] /r
[25/11/2019 18:02:49] /r
[25/11/2019 18:02:50] /r
[25/11/2019 18:02:51] /r
[25/11/2019 18:02:53] /r
[25/11/2019 18:02:56] /save
[25/11/2019 18:29:33] /t
[25/11/2019 18:36:55] /s donation seller
[25/11/2019 18:36:58] /n donation seller
[25/11/2019 18:37:59] /i addon doll
[25/11/2019 18:51:00] /save
[25/11/2019 18:59:53] /i 10503
[25/11/2019 19:08:13] /i addon doll
[25/11/2019 19:50:27] /i addon doll
[25/11/2019 19:51:56] /i 2198
[25/11/2019 19:53:02] /clean
[25/11/2019 19:54:01] /goto ani kan
[25/11/2019 19:54:43] /t
[25/11/2019 19:54:46] /t
[25/11/2019 19:54:49] /c ani kan
[25/11/2019 19:54:49] /c ani kan
[25/11/2019 19:54:49] /c ani kan
[25/11/2019 19:54:49] /c ani kan
[25/11/2019 19:54:49] /c ani kan
[25/11/2019 19:54:49] /c ani kan
[25/11/2019 19:54:49] /c ani kan
[25/11/2019 19:54:49] /c ani kan
[25/11/2019 19:54:49] /c ani kan
[25/11/2019 19:54:49] /c ani kan
[25/11/2019 19:54:49] /c ani kan
[25/11/2019 19:54:50] /c ani kan
[25/11/2019 19:54:50] /c ani kan
[25/11/2019 19:54:50] /c ani kan
[25/11/2019 19:54:50] /c ani kan
[25/11/2019 19:54:50] /c ani kan
[25/11/2019 19:54:50] /c ani kan
[25/11/2019 19:54:50] /c ani kan
[25/11/2019 19:54:50] /c ani kan
[25/11/2019 19:54:50] /c ani kan
[25/11/2019 19:54:50] /c ani kan
[25/11/2019 19:54:50] /c ani kan
[25/11/2019 19:54:50] /c ani kan
[25/11/2019 19:54:50] /c ani kan
[25/11/2019 19:54:50] /c ani kan
[25/11/2019 19:54:50] /c ani kan
[25/11/2019 19:54:50] /c ani kan
[25/11/2019 19:54:50] /c ani kan
[25/11/2019 19:54:50] /c ani kan
[25/11/2019 19:54:50] /c ani kan
[25/11/2019 19:54:50] /c ani kan
[25/11/2019 19:54:50] /c ani kan
[25/11/2019 19:54:50] /c ani kan
[25/11/2019 19:54:50] /c ani kan
[25/11/2019 19:54:50] /c ani kan
[25/11/2019 19:54:50] /c ani kan
[25/11/2019 19:54:50] /c ani kan
[25/11/2019 19:54:50] /c ani kan
[25/11/2019 19:54:50] /c ani kan
[25/11/2019 19:54:50] /c ani kan
[25/11/2019 19:54:50] /c ani kan
[25/11/2019 19:54:51] /c ani kan
[25/11/2019 19:54:51] /c ani kan
[25/11/2019 19:54:51] /c ani kan
[25/11/2019 19:54:51] /c ani kan
[25/11/2019 19:54:51] /c ani kan
[25/11/2019 19:54:51] /c ani kan
[25/11/2019 19:54:51] /c ani kan
[25/11/2019 19:54:51] /c ani kan
[25/11/2019 19:54:51] /c ani kan
[25/11/2019 19:54:51] /c ani kan
[25/11/2019 19:54:51] /c ani kan
[25/11/2019 19:54:51] /c ani kan
[25/11/2019 19:54:51] /c ani kan
[25/11/2019 19:54:51] /c ani kan
[25/11/2019 19:54:51] /c ani kan
[25/11/2019 19:54:51] /c ani kan
[25/11/2019 19:54:51] /c ani kan
[25/11/2019 19:54:51] /c ani kan
[25/11/2019 19:54:51] /c ani kan
[25/11/2019 19:54:51] /c ani kan
[25/11/2019 19:54:51] /c ani kan
[25/11/2019 19:54:51] /c ani kan
[25/11/2019 19:54:51] /c ani kan
[25/11/2019 19:54:51] /c ani kan
[25/11/2019 19:54:51] /c ani kan
[25/11/2019 19:54:51] /c ani kan
[25/11/2019 19:54:51] /c ani kan
[25/11/2019 19:54:51] /c ani kan
[25/11/2019 19:54:51] /c ani kan
[25/11/2019 19:55:47] /t
[25/11/2019 19:55:48] /c ani kan
