[25/11/2019 15:23:08] /a 4
[25/11/2019 15:23:09] /a 4
[25/11/2019 15:23:10] /a 4
[25/11/2019 15:23:11] /a 4
[25/11/2019 15:23:11] /a 4
[25/11/2019 15:23:13] /a 10
[25/11/2019 15:23:32] /a 10
[25/11/2019 15:23:38] /a 10
[25/11/2019 15:23:46] /a 10
[25/11/2019 15:24:31] /s rat
[25/11/2019 15:24:32] /s rat
[25/11/2019 15:24:33] /s rat
[25/11/2019 15:24:35] /s rat
[25/11/2019 15:24:35] /s rat
[25/11/2019 15:24:36] /s rat
[25/11/2019 15:24:36] /s rat
[25/11/2019 15:24:37] /s rat
[25/11/2019 15:24:37] /s rat
[25/11/2019 15:25:08] /t
[25/11/2019 15:25:10] /t
[25/11/2019 15:25:18] /a 2
[25/11/2019 15:25:28] /t
[25/11/2019 15:25:31] /a 2
[25/11/2019 15:25:31] /a 2
[25/11/2019 15:25:56] /t
[25/11/2019 15:26:43] /a 2
[25/11/2019 15:26:44] /a 2
[25/11/2019 15:26:45] /a 2
[25/11/2019 15:26:45] /a 2
[25/11/2019 15:26:53] /goto Admin
[25/11/2019 15:27:37] /clean
[25/11/2019 15:27:58] /clean
[25/11/2019 15:28:04] /goto admin
[25/11/2019 15:28:10] /c admin
[25/11/2019 15:28:11] /c admin
[25/11/2019 15:28:13] /c admin
[25/11/2019 15:28:14] /c admin
[25/11/2019 15:28:16] /c admin
[25/11/2019 15:28:17] /c admin
[25/11/2019 15:28:20] /c admin
[25/11/2019 15:28:21] /c admin
[25/11/2019 15:28:22] /c admin
[25/11/2019 15:28:24] /c admin
[25/11/2019 15:28:25] /c admin
[25/11/2019 15:28:27] /c admin
[25/11/2019 15:28:30] /c admin
[25/11/2019 15:28:31] /c admin
[25/11/2019 15:28:33] /a 2
[25/11/2019 15:28:33] /c admin
[25/11/2019 15:28:38] /a 10
[25/11/2019 15:28:38] /a 10
[25/11/2019 15:28:39] /a 10
[25/11/2019 15:28:40] /c admin
[25/11/2019 15:28:42] /a 10
[25/11/2019 15:28:42] /a 10
[25/11/2019 15:28:43] /c admin
[25/11/2019 15:29:11] /a 20
[25/11/2019 15:29:12] /a 20
[25/11/2019 15:29:12] /a 20
[25/11/2019 15:29:13] /a 20
[25/11/2019 15:29:14] /a 20
[25/11/2019 15:29:14] /a 20
[25/11/2019 15:29:15] /a 20
[25/11/2019 15:29:16] /a 20
[25/11/2019 15:29:16] /a 2
[25/11/2019 15:29:17] /a 2
[25/11/2019 15:29:17] /a 2
[25/11/2019 15:29:18] /a 2
[25/11/2019 15:29:19] /a 10
[25/11/2019 15:29:20] /a 10
[25/11/2019 15:29:21] /a 10
[25/11/2019 15:29:21] /a 10
[25/11/2019 15:29:22] /a 10
[25/11/2019 15:29:22] /a 10
[25/11/2019 15:29:22] /a 10
[25/11/2019 15:29:23] /a 10
[25/11/2019 15:29:23] /a 10
[25/11/2019 15:29:24] /a 10
[25/11/2019 15:29:24] /a 10
[25/11/2019 15:29:25] /a 10
[25/11/2019 15:29:27] /a 3
[25/11/2019 15:29:28] /a 3
[25/11/2019 15:29:34] /t
[25/11/2019 15:31:27] /t
[25/11/2019 15:33:06] /t
[25/11/2019 15:34:08] /t admin
[25/11/2019 15:34:09] /t admin
[25/11/2019 15:34:10] /t admin
[25/11/2019 15:34:11] /t admin
[25/11/2019 15:34:16] /c admin
[25/11/2019 15:34:18] /c admin
[25/11/2019 15:35:45] /t admin
[25/11/2019 15:35:48] /c admin
[25/11/2019 15:35:50] /c admin
[25/11/2019 15:37:12] /goto admin
[25/11/2019 15:37:14] /goto admin
[25/11/2019 15:37:25] /a 2
[25/11/2019 15:37:32] /a 1
[25/11/2019 15:37:35] /a 1
[25/11/2019 15:37:38] /a 1
[25/11/2019 15:37:39] /a 1
[25/11/2019 15:37:39] /a 1
[25/11/2019 15:37:41] /a 1
[25/11/2019 15:37:52] /clean
[25/11/2019 15:38:04] /a 1
[25/11/2019 15:38:06] /a 1
[25/11/2019 15:38:07] /a 1
[25/11/2019 15:38:07] /a 1
[25/11/2019 15:38:11] /a 1
[25/11/2019 15:38:12] /a 1
[25/11/2019 15:38:12] /a 1
[25/11/2019 15:38:13] /a 1
[25/11/2019 15:38:17] /a 1
[25/11/2019 15:38:17] /a 1
[25/11/2019 15:38:18] /a 1
[25/11/2019 15:41:02] /t admin
[25/11/2019 15:41:06] /c admin
[25/11/2019 15:42:26] /a 2
[25/11/2019 15:42:27] /a 2
[25/11/2019 15:42:28] /a 2
[25/11/2019 15:42:30] /a 2
[25/11/2019 15:42:31] /a 2
[25/11/2019 15:42:32] /a 2
[25/11/2019 15:42:32] /a 2
[25/11/2019 15:42:36] /a 2
[25/11/2019 15:42:37] /a 2
[25/11/2019 15:42:38] /a 2
[25/11/2019 15:42:38] /a 2
[25/11/2019 15:42:39] /a 2
[25/11/2019 15:42:40] /a 2
[25/11/2019 15:42:40] /a 2
[25/11/2019 15:42:41] /a 2
[25/11/2019 15:42:42] /a 2
[25/11/2019 15:43:00] /a 2
[25/11/2019 15:43:01] /a 2
[25/11/2019 15:43:02] /a 2
[25/11/2019 15:43:02] /a 2
[25/11/2019 15:43:03] /a 2
[25/11/2019 15:43:04] /a 2
[25/11/2019 15:43:05] /a 2
[25/11/2019 15:43:05] /a 2
[25/11/2019 15:43:06] /a 2
[25/11/2019 15:43:07] /a 2
[25/11/2019 15:43:07] /a 2
[25/11/2019 15:43:08] /a 2
[25/11/2019 15:43:14] /a 2
[25/11/2019 15:43:23] /a 2
[25/11/2019 15:43:23] /a 2
[25/11/2019 15:43:24] /a 2
[25/11/2019 15:43:25] /a 2
[25/11/2019 15:43:25] /a 2
[25/11/2019 15:43:25] /a 2
[25/11/2019 15:43:26] /a 2
[25/11/2019 15:43:27] /a 2
[25/11/2019 15:43:34] /a 2
[25/11/2019 15:43:34] /a 2
[25/11/2019 15:43:34] /a 2
[25/11/2019 15:43:36] /a 2
[25/11/2019 15:43:37] /a 2
[25/11/2019 15:43:37] /a 2
[25/11/2019 15:43:38] /a 2
[25/11/2019 15:43:38] /a 2
[25/11/2019 15:43:40] /a 10
[25/11/2019 15:43:41] /a 10
[25/11/2019 15:43:41] /a 10
[25/11/2019 15:43:42] /a 10
[25/11/2019 15:43:43] /a 10
[25/11/2019 15:46:00] /clean
[25/11/2019 19:45:44] /i exp scroll
[25/11/2019 19:45:46] /i exp scroll
[25/11/2019 19:47:11] /i exp scroll
[25/11/2019 19:47:12] /i exp scroll
[25/11/2019 19:47:12] /i exp scroll
[25/11/2019 19:47:53] /i exp scroll
[25/11/2019 19:47:54] /i exp scroll
[25/11/2019 19:47:56] /i exp scroll
[25/11/2019 19:54:01] /a 2
[25/11/2019 19:54:06] /a 2
[25/11/2019 19:54:09] /a 2
[25/11/2019 19:54:30] /a 2
[25/11/2019 19:56:43] /a 10
[25/11/2019 19:56:44] /a 10
[25/11/2019 19:56:45] /a 10
[25/11/2019 19:56:46] /a 10
[25/11/2019 19:56:46] /a 10
[25/11/2019 19:56:47] /a 10
[25/11/2019 19:57:43] /t
[25/11/2019 19:57:47] /t
[25/11/2019 19:58:15] /t
[25/11/2019 19:58:21] /t
